{"/Users/in05895_mac/projects/prj-core/packages/shared-utils/index.ts": {"path":"/Users/in05895_mac/projects/prj-core/packages/shared-utils/index.ts","all":false,"statementMap":{"0":{"start":{"line":1,"column":0},"end":{"line":1,"column":50}},"1":{"start":{"line":2,"column":0},"end":{"line":2,"column":42}},"2":{"start":{"line":3,"column":0},"end":{"line":3,"column":54}},"3":{"start":{"line":4,"column":0},"end":{"line":4,"column":54}},"4":{"start":{"line":5,"column":0},"end":{"line":5,"column":0}},"5":{"start":{"line":6,"column":0},"end":{"line":6,"column":14}},"6":{"start":{"line":7,"column":0},"end":{"line":7,"column":15}},"7":{"start":{"line":8,"column":0},"end":{"line":8,"column":11}},"8":{"start":{"line":9,"column":0},"end":{"line":9,"column":17}},"9":{"start":{"line":10,"column":0},"end":{"line":10,"column":17}},"10":{"start":{"line":11,"column":0},"end":{"line":11,"column":2}},"11":{"start":{"line":12,"column":0},"end":{"line":12,"column":0}},"12":{"start":{"line":13,"column":0},"end":{"line":13,"column":20}},"13":{"start":{"line":14,"column":0},"end":{"line":14,"column":66}}},"s":{"0":1,"1":1,"2":1,"3":1,"4":1,"5":1,"6":1,"7":1,"8":1,"9":1,"10":1,"11":1,"12":1,"13":1},"branchMap":{},"b":{},"fnMap":{},"f":{}}
,"/Users/in05895_mac/projects/prj-core/packages/shared-utils/src/DateTimeUtil.ts": {"path":"/Users/in05895_mac/projects/prj-core/packages/shared-utils/src/DateTimeUtil.ts","all":false,"statementMap":{"0":{"start":{"line":1,"column":0},"end":{"line":1,"column":26}},"1":{"start":{"line":2,"column":0},"end":{"line":2,"column":0}},"2":{"start":{"line":3,"column":0},"end":{"line":3,"column":27}},"3":{"start":{"line":4,"column":0},"end":{"line":4,"column":27}},"4":{"start":{"line":5,"column":0},"end":{"line":5,"column":49}},"5":{"start":{"line":6,"column":0},"end":{"line":6,"column":3}},"6":{"start":{"line":7,"column":0},"end":{"line":7,"column":1}}},"s":{"0":1,"1":1,"2":1,"3":1,"4":6,"5":6,"6":1},"branchMap":{"0":{"type":"branch","line":4,"loc":{"start":{"line":4,"column":9},"end":{"line":6,"column":3}},"locations":[{"start":{"line":4,"column":9},"end":{"line":6,"column":3}}]}},"b":{"0":[6]},"fnMap":{"0":{"name":"getNow","decl":{"start":{"line":4,"column":9},"end":{"line":6,"column":3}},"loc":{"start":{"line":4,"column":9},"end":{"line":6,"column":3}},"line":4}},"f":{"0":6}}
,"/Users/in05895_mac/projects/prj-core/packages/shared-utils/src/PaginationUtil.ts": {"path":"/Users/in05895_mac/projects/prj-core/packages/shared-utils/src/PaginationUtil.ts","all":false,"statementMap":{"0":{"start":{"line":1,"column":0},"end":{"line":1,"column":33}},"1":{"start":{"line":2,"column":0},"end":{"line":2,"column":0}},"2":{"start":{"line":3,"column":0},"end":{"line":3,"column":29}},"3":{"start":{"line":4,"column":0},"end":{"line":4,"column":80}},"4":{"start":{"line":5,"column":0},"end":{"line":5,"column":21}},"5":{"start":{"line":6,"column":0},"end":{"line":6,"column":53}},"6":{"start":{"line":7,"column":0},"end":{"line":7,"column":5}},"7":{"start":{"line":8,"column":0},"end":{"line":8,"column":45}},"8":{"start":{"line":9,"column":0},"end":{"line":9,"column":16}},"9":{"start":{"line":10,"column":0},"end":{"line":10,"column":4}},"10":{"start":{"line":11,"column":0},"end":{"line":11,"column":0}},"11":{"start":{"line":12,"column":0},"end":{"line":12,"column":51}},"12":{"start":{"line":13,"column":0},"end":{"line":13,"column":32}},"13":{"start":{"line":14,"column":0},"end":{"line":14,"column":16}},"14":{"start":{"line":15,"column":0},"end":{"line":15,"column":5}},"15":{"start":{"line":16,"column":0},"end":{"line":16,"column":32}},"16":{"start":{"line":17,"column":0},"end":{"line":17,"column":30}},"17":{"start":{"line":18,"column":0},"end":{"line":18,"column":19}},"18":{"start":{"line":19,"column":0},"end":{"line":19,"column":47}},"19":{"start":{"line":20,"column":0},"end":{"line":20,"column":20}},"20":{"start":{"line":21,"column":0},"end":{"line":21,"column":25}},"21":{"start":{"line":22,"column":0},"end":{"line":22,"column":12}},"22":{"start":{"line":23,"column":0},"end":{"line":23,"column":24}},"23":{"start":{"line":24,"column":0},"end":{"line":24,"column":9}},"24":{"start":{"line":25,"column":0},"end":{"line":25,"column":0}},"25":{"start":{"line":26,"column":0},"end":{"line":26,"column":40}},"26":{"start":{"line":27,"column":0},"end":{"line":27,"column":20}},"27":{"start":{"line":28,"column":0},"end":{"line":28,"column":22}},"28":{"start":{"line":29,"column":0},"end":{"line":29,"column":52}},"29":{"start":{"line":30,"column":0},"end":{"line":30,"column":14}},"30":{"start":{"line":31,"column":0},"end":{"line":31,"column":12}},"31":{"start":{"line":32,"column":0},"end":{"line":32,"column":0}},"32":{"start":{"line":33,"column":0},"end":{"line":33,"column":24}},"33":{"start":{"line":34,"column":0},"end":{"line":34,"column":9}},"34":{"start":{"line":35,"column":0},"end":{"line":35,"column":0}},"35":{"start":{"line":36,"column":0},"end":{"line":36,"column":18}},"36":{"start":{"line":37,"column":0},"end":{"line":37,"column":18}},"37":{"start":{"line":38,"column":0},"end":{"line":38,"column":25}},"38":{"start":{"line":39,"column":0},"end":{"line":39,"column":12}},"39":{"start":{"line":40,"column":0},"end":{"line":40,"column":10}},"40":{"start":{"line":41,"column":0},"end":{"line":41,"column":0}},"41":{"start":{"line":42,"column":0},"end":{"line":42,"column":22}},"42":{"start":{"line":43,"column":0},"end":{"line":43,"column":8}},"43":{"start":{"line":44,"column":0},"end":{"line":44,"column":14}},"44":{"start":{"line":45,"column":0},"end":{"line":45,"column":24}},"45":{"start":{"line":46,"column":0},"end":{"line":46,"column":51}},"46":{"start":{"line":47,"column":0},"end":{"line":47,"column":76}},"47":{"start":{"line":48,"column":0},"end":{"line":48,"column":0}},"48":{"start":{"line":49,"column":0},"end":{"line":49,"column":18}},"49":{"start":{"line":50,"column":0},"end":{"line":50,"column":19}},"50":{"start":{"line":51,"column":0},"end":{"line":51,"column":20}},"51":{"start":{"line":52,"column":0},"end":{"line":52,"column":20}},"52":{"start":{"line":53,"column":0},"end":{"line":53,"column":23}},"53":{"start":{"line":54,"column":0},"end":{"line":54,"column":27}},"54":{"start":{"line":55,"column":0},"end":{"line":55,"column":14}},"55":{"start":{"line":56,"column":0},"end":{"line":56,"column":22}},"56":{"start":{"line":57,"column":0},"end":{"line":57,"column":25}},"57":{"start":{"line":58,"column":0},"end":{"line":58,"column":29}},"58":{"start":{"line":59,"column":0},"end":{"line":59,"column":14}},"59":{"start":{"line":60,"column":0},"end":{"line":60,"column":12}},"60":{"start":{"line":61,"column":0},"end":{"line":61,"column":10}},"61":{"start":{"line":62,"column":0},"end":{"line":62,"column":35}},"62":{"start":{"line":63,"column":0},"end":{"line":63,"column":8}},"63":{"start":{"line":64,"column":0},"end":{"line":64,"column":4}},"64":{"start":{"line":65,"column":0},"end":{"line":65,"column":1}}},"s":{"0":1,"1":1,"2":1,"3":1,"4":13,"5":1,"6":1,"7":12,"8":12,"9":13,"10":1,"11":1,"12":11,"13":1,"14":1,"15":10,"16":10,"17":32,"18":32,"19":10,"20":10,"21":10,"22":10,"23":10,"24":22,"25":32,"26":10,"27":10,"28":10,"29":10,"30":10,"31":10,"32":10,"33":10,"34":12,"35":12,"36":12,"37":12,"38":12,"39":12,"40":12,"41":12,"42":10,"43":10,"44":10,"45":32,"46":32,"47":32,"48":32,"49":32,"50":32,"51":32,"52":32,"53":32,"54":32,"55":32,"56":32,"57":32,"58":32,"59":32,"60":32,"61":10,"62":10,"63":11,"64":1},"branchMap":{"0":{"type":"branch","line":4,"loc":{"start":{"line":4,"column":19},"end":{"line":10,"column":4}},"locations":[{"start":{"line":4,"column":19},"end":{"line":10,"column":4}}]},"1":{"type":"branch","line":5,"loc":{"start":{"line":5,"column":20},"end":{"line":7,"column":5}},"locations":[{"start":{"line":5,"column":20},"end":{"line":7,"column":5}}]},"2":{"type":"branch","line":7,"loc":{"start":{"line":7,"column":4},"end":{"line":9,"column":16}},"locations":[{"start":{"line":7,"column":4},"end":{"line":9,"column":16}}]},"3":{"type":"branch","line":12,"loc":{"start":{"line":12,"column":2},"end":{"line":64,"column":4}},"locations":[{"start":{"line":12,"column":2},"end":{"line":64,"column":4}}]},"4":{"type":"branch","line":12,"loc":{"start":{"line":12,"column":18},"end":{"line":64,"column":4}},"locations":[{"start":{"line":12,"column":18},"end":{"line":64,"column":4}}]},"5":{"type":"branch","line":13,"loc":{"start":{"line":13,"column":31},"end":{"line":15,"column":5}},"locations":[{"start":{"line":13,"column":31},"end":{"line":15,"column":5}}]},"6":{"type":"branch","line":15,"loc":{"start":{"line":15,"column":4},"end":{"line":63,"column":8}},"locations":[{"start":{"line":15,"column":4},"end":{"line":63,"column":8}}]},"7":{"type":"branch","line":17,"loc":{"start":{"line":17,"column":11},"end":{"line":43,"column":7}},"locations":[{"start":{"line":17,"column":11},"end":{"line":43,"column":7}}]},"8":{"type":"branch","line":19,"loc":{"start":{"line":19,"column":20},"end":{"line":19,"column":46}},"locations":[{"start":{"line":19,"column":20},"end":{"line":19,"column":46}}]},"9":{"type":"branch","line":19,"loc":{"start":{"line":19,"column":46},"end":{"line":26,"column":39}},"locations":[{"start":{"line":19,"column":46},"end":{"line":26,"column":39}}]},"10":{"type":"branch","line":19,"loc":{"start":{"line":19,"column":46},"end":{"line":24,"column":9}},"locations":[{"start":{"line":19,"column":46},"end":{"line":24,"column":9}}]},"11":{"type":"branch","line":24,"loc":{"start":{"line":24,"column":8},"end":{"line":26,"column":39}},"locations":[{"start":{"line":24,"column":8},"end":{"line":26,"column":39}}]},"12":{"type":"branch","line":26,"loc":{"start":{"line":26,"column":39},"end":{"line":42,"column":22}},"locations":[{"start":{"line":26,"column":39},"end":{"line":42,"column":22}}]},"13":{"type":"branch","line":26,"loc":{"start":{"line":26,"column":39},"end":{"line":34,"column":9}},"locations":[{"start":{"line":26,"column":39},"end":{"line":34,"column":9}}]},"14":{"type":"branch","line":34,"loc":{"start":{"line":34,"column":8},"end":{"line":42,"column":22}},"locations":[{"start":{"line":34,"column":8},"end":{"line":42,"column":22}}]},"15":{"type":"branch","line":45,"loc":{"start":{"line":45,"column":8},"end":{"line":61,"column":10}},"locations":[{"start":{"line":45,"column":8},"end":{"line":61,"column":10}}]}},"b":{"0":[13],"1":[1],"2":[12],"3":[2],"4":[11],"5":[1],"6":[10],"7":[32],"8":[27],"9":[30],"10":[10],"11":[22],"12":[29],"13":[10],"14":[12],"15":[32]},"fnMap":{"0":{"name":"getPage","decl":{"start":{"line":4,"column":19},"end":{"line":10,"column":4}},"loc":{"start":{"line":4,"column":19},"end":{"line":10,"column":4}},"line":4},"1":{"name":"<static_initializer>","decl":{"start":{"line":12,"column":2},"end":{"line":64,"column":4}},"loc":{"start":{"line":12,"column":2},"end":{"line":64,"column":4}},"line":12},"2":{"name":"toArgs","decl":{"start":{"line":12,"column":18},"end":{"line":64,"column":4}},"loc":{"start":{"line":12,"column":18},"end":{"line":64,"column":4}},"line":12},"3":{"name":"Object.entries.map.reduce.where","decl":{"start":{"line":45,"column":8},"end":{"line":61,"column":10}},"loc":{"start":{"line":45,"column":8},"end":{"line":61,"column":10}},"line":45}},"f":{"0":13,"1":2,"2":11,"3":32}}
,"/Users/in05895_mac/projects/prj-core/packages/shared-utils/src/PathUtil.ts": {"path":"/Users/in05895_mac/projects/prj-core/packages/shared-utils/src/PathUtil.ts","all":false,"statementMap":{"0":{"start":{"line":1,"column":0},"end":{"line":1,"column":35}},"1":{"start":{"line":2,"column":0},"end":{"line":2,"column":28}},"2":{"start":{"line":3,"column":0},"end":{"line":3,"column":0}},"3":{"start":{"line":4,"column":0},"end":{"line":4,"column":23}},"4":{"start":{"line":5,"column":0},"end":{"line":5,"column":40}},"5":{"start":{"line":6,"column":0},"end":{"line":6,"column":16}},"6":{"start":{"line":7,"column":0},"end":{"line":7,"column":24}},"7":{"start":{"line":8,"column":0},"end":{"line":8,"column":25}},"8":{"start":{"line":9,"column":0},"end":{"line":9,"column":5}},"9":{"start":{"line":10,"column":0},"end":{"line":10,"column":31}},"10":{"start":{"line":11,"column":0},"end":{"line":11,"column":0}},"11":{"start":{"line":12,"column":0},"end":{"line":12,"column":28}},"12":{"start":{"line":13,"column":0},"end":{"line":13,"column":28}},"13":{"start":{"line":14,"column":0},"end":{"line":14,"column":27}},"14":{"start":{"line":15,"column":0},"end":{"line":15,"column":12}},"15":{"start":{"line":16,"column":0},"end":{"line":16,"column":42}},"16":{"start":{"line":17,"column":0},"end":{"line":17,"column":5}},"17":{"start":{"line":18,"column":0},"end":{"line":18,"column":0}},"18":{"start":{"line":19,"column":0},"end":{"line":19,"column":22}},"19":{"start":{"line":20,"column":0},"end":{"line":20,"column":58}},"20":{"start":{"line":21,"column":0},"end":{"line":21,"column":5}},"21":{"start":{"line":22,"column":0},"end":{"line":22,"column":0}},"22":{"start":{"line":23,"column":0},"end":{"line":23,"column":26}},"23":{"start":{"line":24,"column":0},"end":{"line":24,"column":3}},"24":{"start":{"line":25,"column":0},"end":{"line":25,"column":0}},"25":{"start":{"line":26,"column":0},"end":{"line":26,"column":45}},"26":{"start":{"line":27,"column":0},"end":{"line":27,"column":18}},"27":{"start":{"line":28,"column":0},"end":{"line":28,"column":15}},"28":{"start":{"line":29,"column":0},"end":{"line":29,"column":6}},"29":{"start":{"line":30,"column":0},"end":{"line":30,"column":28}},"30":{"start":{"line":31,"column":0},"end":{"line":31,"column":23}},"31":{"start":{"line":32,"column":0},"end":{"line":32,"column":6}},"32":{"start":{"line":33,"column":0},"end":{"line":33,"column":30}},"33":{"start":{"line":34,"column":0},"end":{"line":34,"column":19}},"34":{"start":{"line":35,"column":0},"end":{"line":35,"column":57}},"35":{"start":{"line":36,"column":0},"end":{"line":36,"column":6}},"36":{"start":{"line":37,"column":0},"end":{"line":37,"column":3}},"37":{"start":{"line":38,"column":0},"end":{"line":38,"column":1}}},"s":{"0":1,"1":1,"2":1,"3":1,"4":1,"5":8,"6":8,"7":8,"8":8,"9":8,"10":8,"11":8,"12":8,"13":4,"14":4,"15":4,"16":4,"17":8,"18":8,"19":3,"20":3,"21":8,"22":8,"23":8,"24":1,"25":1,"26":6,"27":6,"28":6,"29":6,"30":6,"31":6,"32":6,"33":6,"34":6,"35":6,"36":6,"37":1},"branchMap":{"0":{"type":"branch","line":5,"loc":{"start":{"line":5,"column":9},"end":{"line":24,"column":3}},"locations":[{"start":{"line":5,"column":9},"end":{"line":24,"column":3}}]},"1":{"type":"branch","line":13,"loc":{"start":{"line":13,"column":27},"end":{"line":17,"column":5}},"locations":[{"start":{"line":13,"column":27},"end":{"line":17,"column":5}}]},"2":{"type":"branch","line":19,"loc":{"start":{"line":19,"column":21},"end":{"line":21,"column":5}},"locations":[{"start":{"line":19,"column":21},"end":{"line":21,"column":5}}]},"3":{"type":"branch","line":26,"loc":{"start":{"line":26,"column":9},"end":{"line":37,"column":3}},"locations":[{"start":{"line":26,"column":9},"end":{"line":37,"column":3}}]},"4":{"type":"branch","line":35,"loc":{"start":{"line":35,"column":24},"end":{"line":35,"column":55}},"locations":[{"start":{"line":35,"column":24},"end":{"line":35,"column":55}}]},"5":{"type":"branch","line":35,"loc":{"start":{"line":35,"column":37},"end":{"line":35,"column":54}},"locations":[{"start":{"line":35,"column":37},"end":{"line":35,"column":54}}]}},"b":{"0":[8],"1":[4],"2":[3],"3":[6],"4":[12],"5":[10]},"fnMap":{"0":{"name":"getUrlWithParamsAndQueryString","decl":{"start":{"line":5,"column":9},"end":{"line":24,"column":3}},"loc":{"start":{"line":5,"column":9},"end":{"line":24,"column":3}},"line":5},"1":{"name":"convertFromPathParamsToQueryParams","decl":{"start":{"line":26,"column":9},"end":{"line":37,"column":3}},"loc":{"start":{"line":26,"column":9},"end":{"line":37,"column":3}},"line":26}},"f":{"0":8,"1":6}}
,"/Users/in05895_mac/projects/prj-core/packages/shared-utils/src/ValidationUtil.ts": {"path":"/Users/in05895_mac/projects/prj-core/packages/shared-utils/src/ValidationUtil.ts","all":false,"statementMap":{"0":{"start":{"line":1,"column":0},"end":{"line":1,"column":49}},"1":{"start":{"line":2,"column":0},"end":{"line":2,"column":47}},"2":{"start":{"line":3,"column":0},"end":{"line":3,"column":70}},"3":{"start":{"line":4,"column":0},"end":{"line":4,"column":0}},"4":{"start":{"line":5,"column":0},"end":{"line":5,"column":29}},"5":{"start":{"line":6,"column":0},"end":{"line":6,"column":42}},"6":{"start":{"line":7,"column":0},"end":{"line":7,"column":36}},"7":{"start":{"line":8,"column":0},"end":{"line":8,"column":43}},"8":{"start":{"line":9,"column":0},"end":{"line":9,"column":5}},"9":{"start":{"line":10,"column":0},"end":{"line":10,"column":69}},"10":{"start":{"line":11,"column":0},"end":{"line":11,"column":37}},"11":{"start":{"line":12,"column":0},"end":{"line":12,"column":7}},"12":{"start":{"line":13,"column":0},"end":{"line":13,"column":50}},"13":{"start":{"line":14,"column":0},"end":{"line":14,"column":35}},"14":{"start":{"line":15,"column":0},"end":{"line":15,"column":7}},"15":{"start":{"line":16,"column":0},"end":{"line":16,"column":0}},"16":{"start":{"line":17,"column":0},"end":{"line":17,"column":28}},"17":{"start":{"line":18,"column":0},"end":{"line":18,"column":41}},"18":{"start":{"line":19,"column":0},"end":{"line":19,"column":5}},"19":{"start":{"line":20,"column":0},"end":{"line":20,"column":27}},"20":{"start":{"line":21,"column":0},"end":{"line":21,"column":3}},"21":{"start":{"line":22,"column":0},"end":{"line":22,"column":78}},"22":{"start":{"line":23,"column":0},"end":{"line":23,"column":32}},"23":{"start":{"line":24,"column":0},"end":{"line":24,"column":57}},"24":{"start":{"line":25,"column":0},"end":{"line":25,"column":6}},"25":{"start":{"line":26,"column":0},"end":{"line":26,"column":0}},"26":{"start":{"line":27,"column":0},"end":{"line":27,"column":13}},"27":{"start":{"line":28,"column":0},"end":{"line":28,"column":22}},"28":{"start":{"line":29,"column":0},"end":{"line":29,"column":84}},"29":{"start":{"line":30,"column":0},"end":{"line":30,"column":8}},"30":{"start":{"line":31,"column":0},"end":{"line":31,"column":5}},"31":{"start":{"line":32,"column":0},"end":{"line":32,"column":0}},"32":{"start":{"line":33,"column":0},"end":{"line":33,"column":32}},"33":{"start":{"line":34,"column":0},"end":{"line":34,"column":0}},"34":{"start":{"line":35,"column":0},"end":{"line":35,"column":50}},"35":{"start":{"line":36,"column":0},"end":{"line":36,"column":0}},"36":{"start":{"line":37,"column":0},"end":{"line":37,"column":30}},"37":{"start":{"line":38,"column":0},"end":{"line":38,"column":3}},"38":{"start":{"line":39,"column":0},"end":{"line":39,"column":1}}},"s":{"0":1,"1":1,"2":1,"3":1,"4":1,"5":1,"6":8,"7":8,"8":8,"9":8,"10":8,"11":8,"12":8,"13":8,"14":8,"15":8,"16":8,"17":3,"18":3,"19":5,"20":8,"21":1,"22":8,"23":8,"24":8,"25":8,"26":8,"27":1,"28":1,"29":1,"30":1,"31":7,"32":7,"33":7,"34":7,"35":7,"36":7,"37":8,"38":1},"branchMap":{"0":{"type":"branch","line":6,"loc":{"start":{"line":6,"column":9},"end":{"line":21,"column":3}},"locations":[{"start":{"line":6,"column":9},"end":{"line":21,"column":3}}]},"1":{"type":"branch","line":17,"loc":{"start":{"line":17,"column":27},"end":{"line":19,"column":5}},"locations":[{"start":{"line":17,"column":27},"end":{"line":19,"column":5}}]},"2":{"type":"branch","line":19,"loc":{"start":{"line":19,"column":4},"end":{"line":20,"column":27}},"locations":[{"start":{"line":19,"column":4},"end":{"line":20,"column":27}}]},"3":{"type":"branch","line":22,"loc":{"start":{"line":22,"column":9},"end":{"line":38,"column":3}},"locations":[{"start":{"line":22,"column":9},"end":{"line":38,"column":3}}]},"4":{"type":"branch","line":27,"loc":{"start":{"line":27,"column":12},"end":{"line":31,"column":5}},"locations":[{"start":{"line":27,"column":12},"end":{"line":31,"column":5}}]},"5":{"type":"branch","line":31,"loc":{"start":{"line":31,"column":4},"end":{"line":37,"column":30}},"locations":[{"start":{"line":31,"column":4},"end":{"line":37,"column":30}}]}},"b":{"0":[8],"1":[3],"2":[5],"3":[8],"4":[1],"5":[7]},"fnMap":{"0":{"name":"validateConfig","decl":{"start":{"line":6,"column":9},"end":{"line":21,"column":3}},"loc":{"start":{"line":6,"column":9},"end":{"line":21,"column":3}},"line":6},"1":{"name":"getVariableName","decl":{"start":{"line":22,"column":9},"end":{"line":38,"column":3}},"loc":{"start":{"line":22,"column":9},"end":{"line":38,"column":3}},"line":22}},"f":{"0":8,"1":8}}
}
